<?xml version="1.0" encoding="UTF-8"?>
<testsuite xmlns:xsi="http://www.w3.org/2001/XMLSchema-instance" xsi:noNamespaceSchemaLocation="https://maven.apache.org/surefire/maven-surefire-plugin/xsd/surefire-test-report.xsd" name="com.ky.gps.test.service.SysUserServiceTest" time="0.108" tests="1" errors="0" skipped="0" failures="0">
  <properties>
    <property name="sun.desktop" value="windows"/>
    <property name="awt.toolkit" value="sun.awt.windows.WToolkit"/>
    <property name="file.encoding.pkg" value="sun.io"/>
    <property name="java.specification.version" value="1.8"/>
    <property name="sun.cpu.isalist" value="amd64"/>
    <property name="sun.jnu.encoding" value="GBK"/>
    <property name="java.class.path" value="D:\Mydata\STU\创新项目\校车实时定位\BusLocation_lyh\idea\busposition\target\test-classes;D:\Mydata\STU\创新项目\校车实时定位\BusLocation_lyh\idea\busposition\target\classes;F:\Cache\.m2\repository\org\springframework\spring-core\5.1.4.RELEASE\spring-core-5.1.4.RELEASE.jar;F:\Cache\.m2\repository\org\springframework\spring-jcl\5.1.4.RELEASE\spring-jcl-5.1.4.RELEASE.jar;F:\Cache\.m2\repository\org\springframework\spring-aop\5.1.4.RELEASE\spring-aop-5.1.4.RELEASE.jar;F:\Cache\.m2\repository\org\springframework\spring-context\5.1.4.RELEASE\spring-context-5.1.4.RELEASE.jar;F:\Cache\.m2\repository\org\springframework\spring-context-support\5.1.4.RELEASE\spring-context-support-5.1.4.RELEASE.jar;F:\Cache\.m2\repository\org\springframework\spring-jdbc\5.1.4.RELEASE\spring-jdbc-5.1.4.RELEASE.jar;F:\Cache\.m2\repository\org\springframework\spring-tx\5.1.4.RELEASE\spring-tx-5.1.4.RELEASE.jar;F:\Cache\.m2\repository\org\springframework\spring-beans\5.1.4.RELEASE\spring-beans-5.1.4.RELEASE.jar;F:\Cache\.m2\repository\org\springframework\spring-expression\5.1.4.RELEASE\spring-expression-5.1.4.RELEASE.jar;F:\Cache\.m2\repository\org\springframework\spring-orm\5.1.4.RELEASE\spring-orm-5.1.4.RELEASE.jar;F:\Cache\.m2\repository\org\springframework\spring-web\5.1.4.RELEASE\spring-web-5.1.4.RELEASE.jar;F:\Cache\.m2\repository\org\springframework\spring-webmvc\5.1.4.RELEASE\spring-webmvc-5.1.4.RELEASE.jar;F:\Cache\.m2\repository\org\springframework\spring-test\5.1.4.RELEASE\spring-test-5.1.4.RELEASE.jar;F:\Cache\.m2\repository\org\mybatis\mybatis\3.5.0\mybatis-3.5.0.jar;F:\Cache\.m2\repository\org\mybatis\mybatis-spring\1.3.2\mybatis-spring-1.3.2.jar;F:\Cache\.m2\repository\org\mybatis\caches\mybatis-ehcache\1.1.0\mybatis-ehcache-1.1.0.jar;F:\Cache\.m2\repository\net\sf\ehcache\ehcache-core\2.6.11\ehcache-core-2.6.11.jar;F:\Cache\.m2\repository\net\sf\ehcache\ehcache\2.10.6\ehcache-2.10.6.jar;F:\Cache\.m2\repository\cglib\cglib\3.2.5\cglib-3.2.5.jar;F:\Cache\.m2\repository\org\ow2\asm\asm\5.2\asm-5.2.jar;F:\Cache\.m2\repository\org\apache\ant\ant\1.9.6\ant-1.9.6.jar;F:\Cache\.m2\repository\org\apache\ant\ant-launcher\1.9.6\ant-launcher-1.9.6.jar;F:\Cache\.m2\repository\org\aspectj\aspectjrt\1.9.2\aspectjrt-1.9.2.jar;F:\Cache\.m2\repository\org\aspectj\aspectjweaver\1.9.2\aspectjweaver-1.9.2.jar;F:\Cache\.m2\repository\mysql\mysql-connector-java\5.1.46\mysql-connector-java-5.1.46.jar;F:\Cache\.m2\repository\org\apache\commons\commons-dbcp2\2.1.1\commons-dbcp2-2.1.1.jar;F:\Cache\.m2\repository\org\apache\commons\commons-pool2\2.4.2\commons-pool2-2.4.2.jar;F:\Cache\.m2\repository\commons-logging\commons-logging\1.2\commons-logging-1.2.jar;F:\Cache\.m2\repository\com\fasterxml\jackson\core\jackson-annotations\2.9.8\jackson-annotations-2.9.8.jar;F:\Cache\.m2\repository\com\fasterxml\jackson\core\jackson-core\2.9.8\jackson-core-2.9.8.jar;F:\Cache\.m2\repository\com\fasterxml\jackson\core\jackson-databind\2.9.8\jackson-databind-2.9.8.jar;F:\Cache\.m2\repository\javax\servlet\javax.servlet-api\3.0.1\javax.servlet-api-3.0.1.jar;F:\Cache\.m2\repository\javax\servlet\jsp\jsp-api\2.1\jsp-api-2.1.jar;F:\Cache\.m2\repository\javax\servlet\jstl\1.2\jstl-1.2.jar;F:\Cache\.m2\repository\org\slf4j\slf4j-api\1.7.25\slf4j-api-1.7.25.jar;F:\Cache\.m2\repository\org\apache\logging\log4j\log4j-core\2.11.1\log4j-core-2.11.1.jar;F:\Cache\.m2\repository\org\apache\logging\log4j\log4j-api\2.11.1\log4j-api-2.11.1.jar;F:\Cache\.m2\repository\org\apache\logging\log4j\log4j-web\2.11.1\log4j-web-2.11.1.jar;F:\Cache\.m2\repository\org\apache\logging\log4j\log4j-slf4j-impl\2.11.1\log4j-slf4j-impl-2.11.1.jar;F:\Cache\.m2\repository\junit\junit\4.11\junit-4.11.jar;F:\Cache\.m2\repository\org\hamcrest\hamcrest-core\1.3\hamcrest-core-1.3.jar;"/>
    <property name="java.vm.vendor" value="Oracle Corporation"/>
    <property name="sun.arch.data.model" value="64"/>
    <property name="user.variant" value=""/>
    <property name="java.vendor.url" value="http://java.oracle.com/"/>
    <property name="user.timezone" value="Asia/Shanghai"/>
    <property name="java.vm.specification.version" value="1.8"/>
    <property name="os.name" value="Windows 10"/>
    <property name="user.country" value="CN"/>
    <property name="sun.java.launcher" value="SUN_STANDARD"/>
    <property name="sun.boot.library.path" value="D:\Java_Park\Jdk8\jre\bin"/>
    <property name="sun.java.command" value="C:\Users\78412\AppData\Local\Temp\surefire885296643287276783\surefirebooter5283792494707730511.jar C:\Users\78412\AppData\Local\Temp\surefire885296643287276783 2019-04-15T04-03-38_024-jvmRun1 surefire8974501846645659204tmp surefire_02463300097990871670tmp"/>
    <property name="surefire.test.class.path" value="D:\Mydata\STU\创新项目\校车实时定位\BusLocation_lyh\idea\busposition\target\test-classes;D:\Mydata\STU\创新项目\校车实时定位\BusLocation_lyh\idea\busposition\target\classes;F:\Cache\.m2\repository\org\springframework\spring-core\5.1.4.RELEASE\spring-core-5.1.4.RELEASE.jar;F:\Cache\.m2\repository\org\springframework\spring-jcl\5.1.4.RELEASE\spring-jcl-5.1.4.RELEASE.jar;F:\Cache\.m2\repository\org\springframework\spring-aop\5.1.4.RELEASE\spring-aop-5.1.4.RELEASE.jar;F:\Cache\.m2\repository\org\springframework\spring-context\5.1.4.RELEASE\spring-context-5.1.4.RELEASE.jar;F:\Cache\.m2\repository\org\springframework\spring-context-support\5.1.4.RELEASE\spring-context-support-5.1.4.RELEASE.jar;F:\Cache\.m2\repository\org\springframework\spring-jdbc\5.1.4.RELEASE\spring-jdbc-5.1.4.RELEASE.jar;F:\Cache\.m2\repository\org\springframework\spring-tx\5.1.4.RELEASE\spring-tx-5.1.4.RELEASE.jar;F:\Cache\.m2\repository\org\springframework\spring-beans\5.1.4.RELEASE\spring-beans-5.1.4.RELEASE.jar;F:\Cache\.m2\repository\org\springframework\spring-expression\5.1.4.RELEASE\spring-expression-5.1.4.RELEASE.jar;F:\Cache\.m2\repository\org\springframework\spring-orm\5.1.4.RELEASE\spring-orm-5.1.4.RELEASE.jar;F:\Cache\.m2\repository\org\springframework\spring-web\5.1.4.RELEASE\spring-web-5.1.4.RELEASE.jar;F:\Cache\.m2\repository\org\springframework\spring-webmvc\5.1.4.RELEASE\spring-webmvc-5.1.4.RELEASE.jar;F:\Cache\.m2\repository\org\springframework\spring-test\5.1.4.RELEASE\spring-test-5.1.4.RELEASE.jar;F:\Cache\.m2\repository\org\mybatis\mybatis\3.5.0\mybatis-3.5.0.jar;F:\Cache\.m2\repository\org\mybatis\mybatis-spring\1.3.2\mybatis-spring-1.3.2.jar;F:\Cache\.m2\repository\org\mybatis\caches\mybatis-ehcache\1.1.0\mybatis-ehcache-1.1.0.jar;F:\Cache\.m2\repository\net\sf\ehcache\ehcache-core\2.6.11\ehcache-core-2.6.11.jar;F:\Cache\.m2\repository\net\sf\ehcache\ehcache\2.10.6\ehcache-2.10.6.jar;F:\Cache\.m2\repository\cglib\cglib\3.2.5\cglib-3.2.5.jar;F:\Cache\.m2\repository\org\ow2\asm\asm\5.2\asm-5.2.jar;F:\Cache\.m2\repository\org\apache\ant\ant\1.9.6\ant-1.9.6.jar;F:\Cache\.m2\repository\org\apache\ant\ant-launcher\1.9.6\ant-launcher-1.9.6.jar;F:\Cache\.m2\repository\org\aspectj\aspectjrt\1.9.2\aspectjrt-1.9.2.jar;F:\Cache\.m2\repository\org\aspectj\aspectjweaver\1.9.2\aspectjweaver-1.9.2.jar;F:\Cache\.m2\repository\mysql\mysql-connector-java\5.1.46\mysql-connector-java-5.1.46.jar;F:\Cache\.m2\repository\org\apache\commons\commons-dbcp2\2.1.1\commons-dbcp2-2.1.1.jar;F:\Cache\.m2\repository\org\apache\commons\commons-pool2\2.4.2\commons-pool2-2.4.2.jar;F:\Cache\.m2\repository\commons-logging\commons-logging\1.2\commons-logging-1.2.jar;F:\Cache\.m2\repository\com\fasterxml\jackson\core\jackson-annotations\2.9.8\jackson-annotations-2.9.8.jar;F:\Cache\.m2\repository\com\fasterxml\jackson\core\jackson-core\2.9.8\jackson-core-2.9.8.jar;F:\Cache\.m2\repository\com\fasterxml\jackson\core\jackson-databind\2.9.8\jackson-databind-2.9.8.jar;F:\Cache\.m2\repository\javax\servlet\javax.servlet-api\3.0.1\javax.servlet-api-3.0.1.jar;F:\Cache\.m2\repository\javax\servlet\jsp\jsp-api\2.1\jsp-api-2.1.jar;F:\Cache\.m2\repository\javax\servlet\jstl\1.2\jstl-1.2.jar;F:\Cache\.m2\repository\org\slf4j\slf4j-api\1.7.25\slf4j-api-1.7.25.jar;F:\Cache\.m2\repository\org\apache\logging\log4j\log4j-core\2.11.1\log4j-core-2.11.1.jar;F:\Cache\.m2\repository\org\apache\logging\log4j\log4j-api\2.11.1\log4j-api-2.11.1.jar;F:\Cache\.m2\repository\org\apache\logging\log4j\log4j-web\2.11.1\log4j-web-2.11.1.jar;F:\Cache\.m2\repository\org\apache\logging\log4j\log4j-slf4j-impl\2.11.1\log4j-slf4j-impl-2.11.1.jar;F:\Cache\.m2\repository\junit\junit\4.11\junit-4.11.jar;F:\Cache\.m2\repository\org\hamcrest\hamcrest-core\1.3\hamcrest-core-1.3.jar;"/>
    <property name="sun.cpu.endian" value="little"/>
    <property name="user.home" value="C:\Users\78412"/>
    <property name="user.language" value="zh"/>
    <property name="java.specification.vendor" value="Oracle Corporation"/>
    <property name="java.home" value="D:\Java_Park\Jdk8\jre"/>
    <property name="basedir" value="D:\Mydata\STU\创新项目\校车实时定位\BusLocation_lyh\idea\busposition"/>
    <property name="file.separator" value="\"/>
    <property name="line.separator" value="&#10;"/>
    <property name="java.vm.specification.vendor" value="Oracle Corporation"/>
    <property name="java.specification.name" value="Java Platform API Specification"/>
    <property name="java.awt.graphicsenv" value="sun.awt.Win32GraphicsEnvironment"/>
    <property name="surefire.real.class.path" value="C:\Users\78412\AppData\Local\Temp\surefire885296643287276783\surefirebooter5283792494707730511.jar"/>
    <property name="sun.boot.class.path" value="D:\Java_Park\Jdk8\jre\lib\resources.jar;D:\Java_Park\Jdk8\jre\lib\rt.jar;D:\Java_Park\Jdk8\jre\lib\sunrsasign.jar;D:\Java_Park\Jdk8\jre\lib\jsse.jar;D:\Java_Park\Jdk8\jre\lib\jce.jar;D:\Java_Park\Jdk8\jre\lib\charsets.jar;D:\Java_Park\Jdk8\jre\lib\jfr.jar;D:\Java_Park\Jdk8\jre\classes"/>
    <property name="user.script" value=""/>
    <property name="sun.management.compiler" value="HotSpot 64-Bit Tiered Compilers"/>
    <property name="java.runtime.version" value="1.8.0_191-b12"/>
    <property name="user.name" value="打野"/>
    <property name="path.separator" value=";"/>
    <property name="os.version" value="10.0"/>
    <property name="java.endorsed.dirs" value="D:\Java_Park\Jdk8\jre\lib\endorsed"/>
    <property name="java.runtime.name" value="Java(TM) SE Runtime Environment"/>
    <property name="file.encoding" value="GBK"/>
    <property name="java.vm.name" value="Java HotSpot(TM) 64-Bit Server VM"/>
    <property name="localRepository" value="F:\Cache\.m2\repository"/>
    <property name="java.vendor.url.bug" value="http://bugreport.sun.com/bugreport/"/>
    <property name="java.io.tmpdir" value="C:\Users\78412\AppData\Local\Temp\"/>
    <property name="idea.version" value="2018.3.2"/>
    <property name="java.version" value="1.8.0_191"/>
    <property name="user.dir" value="D:\Mydata\STU\创新项目\校车实时定位\BusLocation_lyh\idea\busposition"/>
    <property name="os.arch" value="amd64"/>
    <property name="java.vm.specification.name" value="Java Virtual Machine Specification"/>
    <property name="java.awt.printerjob" value="sun.awt.windows.WPrinterJob"/>
    <property name="sun.os.patch.level" value=""/>
    <property name="java.library.path" value="D:\Java_Park\Jdk8\jre\bin;C:\WINDOWS\Sun\Java\bin;C:\WINDOWS\system32;C:\WINDOWS;C:\ProgramData\DockerDesktop\version-bin;C:\Program Files\Docker\Docker\Resources\bin;C:\;D:\Java_Park\Jdk7\bin;D:\Java_Park\Jdk7\jre\bin;C:\WINDOWS\system32;C:\WINDOWS;C:\WINDOWS\System32\Wbem;C:\WINDOWS\System32\WindowsPowerShell\v1.0\;C:\Users\78412\.dnx\bin;C:\Program Files\Microsoft DNX\Dnvm\;C:\Program Files\Microsoft SQL Server\120\Tools\Binn\;C:\Program Files (x86)\Windows Kits\10\Windows Performance Toolkit\;C:\Program Files\Microsoft SQL Server\130\Tools\Binn\;C:\Program Files\Microsoft SQL Server\110\DTS\Binn\;C:\Program Files (x86)\Microsoft SQL Server\110\Tools\Binn\;C:\Program Files\Microsoft SQL Server\110\Tools\Binn\;C:\Program Files (x86)\Microsoft SQL Server\110\Tools\Binn\ManagementStudio\;C:\Program Files (x86)\Microsoft Visual Studio 10.0\Common7\IDE\PrivateAssemblies\;C:\Program Files (x86)\Microsoft SQL Server\110\DTS\Binn\;C:\WINDOWS\System32\OpenSSH\;E:\PC Soft\MATLAB2016b\runtime\win64;E:\PC Soft\MATLAB2016b\bin;E:\PC Soft\MATLAB2016b\polyspace\bin;C:\Program Files (x86)\NVIDIA Corporation\PhysX\Common;C:\Program Files\Intel\WiFi\bin\;C:\Program Files\Common Files\Intel\WirelessCommon\;C:\Program Files\MySQL\MySQL Utilities 1.6\;C:\Program Files\MySQL\MySQL Server 5.7\bin;D:\Java_Park\Maven\apache-maven-3.6.0\bin;E:\PC Soft\Anaconda3;E:\PC Soft\Anaconda3\Library\mingw-w64\bin;E:\PC Soft\Anaconda3\Library\usr\bin;E:\PC Soft\Anaconda3\Library\bin;E:\PC Soft\Anaconda3\Scripts;C:\Users\78412\AppData\Local\GitHubDesktop\bin;C:\Users\78412\AppData\Local\Pandoc\;C:\Program Files\Intel\WiFi\bin\;C:\Program Files\Common Files\Intel\WirelessCommon\;."/>
    <property name="java.vm.info" value="mixed mode"/>
    <property name="java.vendor" value="Oracle Corporation"/>
    <property name="java.vm.version" value="25.191-b12"/>
    <property name="java.ext.dirs" value="D:\Java_Park\Jdk8\jre\lib\ext;C:\WINDOWS\Sun\Java\lib\ext"/>
    <property name="sun.io.unicode.encoding" value="UnicodeLittle"/>
    <property name="java.class.version" value="52.0"/>
  </properties>
  <testcase name="test01" classname="com.ky.gps.test.service.SysUserServiceTest" time="0.108"/>
</testsuite>